<?xml version="1.0" encoding="UTF-8"?>
<!-- Generated by org.testng.reporters.JUnitXMLReporter -->
<testsuite hostname="DESKTOP-6QJKN6Q" ignored="0" name="Default test" tests="6" failures="0" timestamp="2020-06-08T18:16:21 GST" time="34.369" errors="0">
  <testcase name="fillFormTest" time="6.707" classname="AutomationDemo.DemoUserRegistrationExtentReport"/>
  <testcase name="chooseUploadFileTest" time="1.656" classname="AutomationDemo.DemoUserRegistrationExtentReport"/>
  <testcase name="select_RadioBtn_GenderTest" time="0.207" classname="AutomationDemo.DemoUserRegistrationExtentReport"/>
  <testcase name="select_Language_Dropdown_Test" time="0.899" classname="AutomationDemo.DemoUserRegistrationExtentReport"/>
  <testcase name="select_DateofBirth_DropdownTest" time="16.571" classname="AutomationDemo.DemoUserRegistrationExtentReport"/>
  <testcase name="mouseHover_Alertmethod_Test" time="8.261" classname="AutomationDemo.DemoUserRegistrationExtentReport"/>
</testsuite> <!-- Default test -->
