<?xml version="1.0" encoding="UTF-8"?>
<!-- Generated by org.testng.reporters.JUnitXMLReporter -->
<testsuite hostname="DESKTOP-6QJKN6Q" ignored="0" name="Default test" tests="7" failures="0" timestamp="2020-06-14T11:54:16 GST" time="38.738" errors="0">
  <testcase name="fillFormTest" time="2.397" classname="AutomationDemo.DemoUserRegistration"/>
  <testcase name="chooseUploadFileTest" time="1.625" classname="AutomationDemo.DemoUserRegistration"/>
  <testcase name="select_RadioBtn_GenderTest" time="0.196" classname="AutomationDemo.DemoUserRegistration"/>
  <testcase name="select_CheckBoxes_hobby" time="0.37" classname="AutomationDemo.DemoUserRegistration"/>
  <testcase name="select_Language_Dropdown_Test" time="0.764" classname="AutomationDemo.DemoUserRegistration"/>
  <testcase name="select_DateofBirth_DropdownTest" time="16.52" classname="AutomationDemo.DemoUserRegistration"/>
  <testcase name="mouseHover_Alertmethod_Test" time="7.183" classname="AutomationDemo.DemoUserRegistration"/>
</testsuite> <!-- Default test -->
