<?xml version="1.0" encoding="UTF-8"?>
<!-- Generated by org.testng.reporters.JUnitXMLReporter -->
<testsuite hostname="DESKTOP-6QJKN6Q" ignored="0" name="Command line test" tests="6" failures="0" timestamp="2020-06-09T22:12:55 GST" time="25.694" errors="0">
  <testcase name="fillFormTest" time="6.84" classname="AutomationDemo.DemoUserRegistrationExtentReport"/>
  <testcase name="chooseUploadFileTest" time="1.651" classname="AutomationDemo.DemoUserRegistrationExtentReport"/>
  <testcase name="select_RadioBtn_GenderTest" time="0.263" classname="AutomationDemo.DemoUserRegistrationExtentReport"/>
  <testcase name="select_Language_Dropdown_Test" time="0.816" classname="AutomationDemo.DemoUserRegistrationExtentReport"/>
  <testcase name="select_DateofBirth_DropdownTest" time="6.374" classname="AutomationDemo.DemoUserRegistrationExtentReport"/>
  <testcase name="mouseHover_Alertmethod_Test" time="9.69" classname="AutomationDemo.DemoUserRegistrationExtentReport"/>
</testsuite> <!-- Command line test -->
