<?xml version="1.0" encoding="UTF-8"?>
<!-- Generated by org.testng.reporters.JUnitXMLReporter -->
<testsuite hostname="DESKTOP-6QJKN6Q" ignored="0" name="Test" tests="6" failures="0" timestamp="2020-06-14T10:20:02 GST" time="0.174" errors="0">
  <testcase name="test1" time="0.018" classname="TestNGListeners.TestNGListenersDemo"/>
  <testcase name="test2" time="0.004" classname="TestNGListeners.TestNGListenersDemo"/>
  <testcase name="test3" time="0.007" classname="TestNGListeners.TestNGListenersDemo"/>
  <testcase name="test4" time="0.003" classname="TestNGListeners.TestNGListenersDemo2"/>
  <testcase name="test5" time="0.012" classname="TestNGListeners.TestNGListenersDemo2"/>
  <testcase name="test6" time="0.005" classname="TestNGListeners.TestNGListenersDemo2"/>
</testsuite> <!-- Test -->
