<?xml version="1.0" encoding="UTF-8"?>
<!-- Generated by org.testng.reporters.JUnitXMLReporter -->
<testsuite hostname="DESKTOP-6QJKN6Q" ignored="0" name="TestOnChrome" tests="3" failures="0" timestamp="2020-06-14T09:33:11 GST" time="37.533" errors="0">
  <testcase name="fillFormTest" time="10.689" classname="MultiBrowserTest.TestNGMultiBrowserTest"/>
  <testcase name="select_Language_Dropdown_Test" time="1.386" classname="MultiBrowserTest.TestNGMultiBrowserTest"/>
  <testcase name="chooseUploadFileTest" time="1.586" classname="MultiBrowserTest.TestNGMultiBrowserTest"/>
</testsuite> <!-- TestOnChrome -->
