<?xml version="1.0" encoding="UTF-8"?>
<!-- Generated by org.testng.reporters.JUnitXMLReporter -->
<testsuite hostname="DESKTOP-6QJKN6Q" ignored="0" name="TestOnFirefox" tests="3" failures="0" timestamp="2020-06-14T09:33:26 GST" time="14.929" errors="0">
  <testcase name="fillFormTest" time="7.895" classname="MultiBrowserTest.TestNGMultiBrowserTest"/>
  <testcase name="select_Language_Dropdown_Test" time="0.623" classname="MultiBrowserTest.TestNGMultiBrowserTest"/>
  <testcase name="chooseUploadFileTest" time="1.607" classname="MultiBrowserTest.TestNGMultiBrowserTest"/>
</testsuite> <!-- TestOnFirefox -->
