<?xml version="1.0" encoding="UTF-8"?>
<!-- Generated by org.testng.reporters.JUnitXMLReporter -->
<testsuite hostname="DESKTOP-6QJKN6Q" ignored="0" name="TestOnChrome" tests="3" failures="0" timestamp="2020-06-16T16:15:22 GST" time="34.305" errors="0">
  <testcase name="fillFormTest" time="18.477" classname="MultiBrowserTest.TestNGMultiBrowserTest"/>
  <testcase name="select_Language_Dropdown_Test" time="0.346" classname="MultiBrowserTest.TestNGMultiBrowserTest"/>
  <testcase name="chooseUploadFileTest" time="1.547" classname="MultiBrowserTest.TestNGMultiBrowserTest"/>
</testsuite> <!-- TestOnChrome -->
