<?xml version="1.0" encoding="UTF-8"?>
<!-- Generated by org.testng.reporters.JUnitXMLReporter -->
<testsuite hostname="DESKTOP-6QJKN6Q" ignored="0" name="TestOnFirefox" tests="3" failures="0" timestamp="2020-06-16T16:16:20 GST" time="58.643" errors="0">
  <testcase name="fillFormTest" time="51.662" classname="MultiBrowserTest.TestNGMultiBrowserTest"/>
  <testcase name="select_Language_Dropdown_Test" time="0.243" classname="MultiBrowserTest.TestNGMultiBrowserTest"/>
  <testcase name="chooseUploadFileTest" time="1.6" classname="MultiBrowserTest.TestNGMultiBrowserTest"/>
</testsuite> <!-- TestOnFirefox -->
