<?xml version="1.0" encoding="UTF-8"?>
<!-- Generated by org.testng.reporters.JUnitXMLReporter -->
<testsuite hostname="DESKTOP-6QJKN6Q" ignored="0" name="Command line test" tests="9" failures="0" timestamp="2020-06-13T10:54:17 GST" time="0.099" errors="0">
  <testcase name="@BeforeTest setUp" time="-1.592031257122E9" classname="MultiBrowserTest.TestNGMultiBrowserTest">
    <failure type="org.testng.TestNGException" message="
Parameter &amp;apos;browserName&amp;apos; is required by BeforeTest on method setUp but has not been marked @Optional or defined
">
      <![CDATA[org.testng.TestNGException: 
Parameter 'browserName' is required by BeforeTest on method setUp but has not been marked @Optional or defined

... Removed 31 stack frames]]>
    </failure>
  </testcase> <!-- @BeforeTest setUp -->
  <testcase name="@AfterTest tearDown" time="-1.592031257214E9" classname="MultiBrowserTest.TestNGMultiBrowserTest">
    <skipped/>
  </testcase> <!-- @AfterTest tearDown -->
  <testcase name="hardAssertionTest" time="0.0" classname="AssertionDemo.TestNGAseertion">
    <skipped/>
  </testcase> <!-- hardAssertionTest -->
  <testcase name="softAssertionTest" time="0.0" classname="AssertionDemo.TestNGAseertion">
    <skipped/>
  </testcase> <!-- softAssertionTest -->
  <testcase name="fillFormTest" time="0.0" classname="MultiBrowserTest.TestNGMultiBrowserTest">
    <skipped/>
  </testcase> <!-- fillFormTest -->
  <testcase name="test1" time="0.0" classname="TestNGListeners.TestNGListenersDemo">
    <skipped/>
  </testcase> <!-- test1 -->
  <testcase name="test2" time="0.0" classname="TestNGListeners.TestNGListenersDemo">
    <skipped/>
  </testcase> <!-- test2 -->
  <testcase name="test3" time="0.0" classname="TestNGListeners.TestNGListenersDemo">
    <skipped/>
  </testcase> <!-- test3 -->
  <testcase name="test4" time="0.0" classname="TestNGListeners.TestNGListenersDemo2">
    <skipped/>
  </testcase> <!-- test4 -->
  <testcase name="test5" time="0.0" classname="TestNGListeners.TestNGListenersDemo2">
    <skipped/>
  </testcase> <!-- test5 -->
  <testcase name="test6" time="0.0" classname="TestNGListeners.TestNGListenersDemo2">
    <skipped/>
  </testcase> <!-- test6 -->
</testsuite> <!-- Command line test -->
