<?xml version="1.0" encoding="UTF-8"?>
<testng-results skipped="0" failed="0" ignored="0" total="0" passed="0">
  <reporter-output>
  </reporter-output>
  <suite name="AmazonSearch.searchProduct" duration-ms="20" started-at="2020-06-10T14:11:52 GST" finished-at="2020-06-10T14:11:52 GST">
    <groups>
    </groups>
    <test name="Command line test" duration-ms="20" started-at="2020-06-10T14:11:52 GST" finished-at="2020-06-10T14:11:52 GST">
    </test> <!-- Command line test -->
  </suite> <!-- AmazonSearch.searchProduct -->
</testng-results>
