<?xml version="1.0" encoding="UTF-8"?>
<testng-results skipped="0" failed="0" ignored="0" total="6" passed="6">
  <reporter-output>
  </reporter-output>
  <suite name="Suite1" duration-ms="45122" started-at="2020-06-13T20:25:34 GST" finished-at="2020-06-13T20:26:19 GST">
    <groups>
    </groups>
    <test name="TestOnChrome" duration-ms="29462" started-at="2020-06-13T20:25:34 GST" finished-at="2020-06-13T20:26:04 GST">
      <class name="MultiBrowserTest.TestNGMultiBrowserTest">
        <test-method status="PASS" signature="setUp(java.lang.String)[pri:0, instance:MultiBrowserTest.TestNGMultiBrowserTest@6895a785]" name="setUp" is-config="true" duration-ms="9655" started-at="2020-06-13T20:25:34 GST" finished-at="2020-06-13T20:25:44 GST">
          <params>
            <param index="0">
              <value>
                <![CDATA[firefox]]>
              </value>
            </param>
          </params>
          <reporter-output>
          </reporter-output>
        </test-method> <!-- setUp -->
        <test-method status="PASS" signature="fillFormTest()[pri:1, instance:MultiBrowserTest.TestNGMultiBrowserTest@6895a785]" name="fillFormTest" duration-ms="11441" started-at="2020-06-13T20:25:44 GST" finished-at="2020-06-13T20:25:55 GST">
          <reporter-output>
          </reporter-output>
        </test-method> <!-- fillFormTest -->
        <test-method status="PASS" signature="select_Language_Dropdown_Test()[pri:2, instance:MultiBrowserTest.TestNGMultiBrowserTest@6895a785]" name="select_Language_Dropdown_Test" duration-ms="908" started-at="2020-06-13T20:25:55 GST" finished-at="2020-06-13T20:25:56 GST">
          <reporter-output>
          </reporter-output>
        </test-method> <!-- select_Language_Dropdown_Test -->
        <test-method status="PASS" signature="chooseUploadFileTest()[pri:3, instance:MultiBrowserTest.TestNGMultiBrowserTest@6895a785]" name="chooseUploadFileTest" duration-ms="1586" started-at="2020-06-13T20:25:56 GST" finished-at="2020-06-13T20:25:58 GST">
          <reporter-output>
          </reporter-output>
        </test-method> <!-- chooseUploadFileTest -->
        <test-method status="PASS" signature="tearDown()[pri:0, instance:MultiBrowserTest.TestNGMultiBrowserTest@6895a785]" name="tearDown" is-config="true" duration-ms="5782" started-at="2020-06-13T20:25:58 GST" finished-at="2020-06-13T20:26:04 GST">
          <reporter-output>
          </reporter-output>
        </test-method> <!-- tearDown -->
      </class> <!-- MultiBrowserTest.TestNGMultiBrowserTest -->
    </test> <!-- TestOnChrome -->
    <test name="TestOnFirefox" duration-ms="15607" started-at="2020-06-13T20:26:04 GST" finished-at="2020-06-13T20:26:19 GST">
      <class name="MultiBrowserTest.TestNGMultiBrowserTest">
        <test-method status="PASS" signature="setUp(java.lang.String)[pri:0, instance:MultiBrowserTest.TestNGMultiBrowserTest@34cd072c]" name="setUp" is-config="true" duration-ms="3836" started-at="2020-06-13T20:26:04 GST" finished-at="2020-06-13T20:26:08 GST">
          <params>
            <param index="0">
              <value>
                <![CDATA[chrome]]>
              </value>
            </param>
          </params>
          <reporter-output>
          </reporter-output>
        </test-method> <!-- setUp -->
        <test-method status="PASS" signature="fillFormTest()[pri:1, instance:MultiBrowserTest.TestNGMultiBrowserTest@34cd072c]" name="fillFormTest" duration-ms="8412" started-at="2020-06-13T20:26:08 GST" finished-at="2020-06-13T20:26:16 GST">
          <reporter-output>
          </reporter-output>
        </test-method> <!-- fillFormTest -->
        <test-method status="PASS" signature="select_Language_Dropdown_Test()[pri:2, instance:MultiBrowserTest.TestNGMultiBrowserTest@34cd072c]" name="select_Language_Dropdown_Test" duration-ms="543" started-at="2020-06-13T20:26:16 GST" finished-at="2020-06-13T20:26:17 GST">
          <reporter-output>
          </reporter-output>
        </test-method> <!-- select_Language_Dropdown_Test -->
        <test-method status="PASS" signature="chooseUploadFileTest()[pri:3, instance:MultiBrowserTest.TestNGMultiBrowserTest@34cd072c]" name="chooseUploadFileTest" duration-ms="1612" started-at="2020-06-13T20:26:17 GST" finished-at="2020-06-13T20:26:18 GST">
          <reporter-output>
          </reporter-output>
        </test-method> <!-- chooseUploadFileTest -->
        <test-method status="PASS" signature="tearDown()[pri:0, instance:MultiBrowserTest.TestNGMultiBrowserTest@34cd072c]" name="tearDown" is-config="true" duration-ms="1191" started-at="2020-06-13T20:26:18 GST" finished-at="2020-06-13T20:26:19 GST">
          <reporter-output>
          </reporter-output>
        </test-method> <!-- tearDown -->
      </class> <!-- MultiBrowserTest.TestNGMultiBrowserTest -->
    </test> <!-- TestOnFirefox -->
  </suite> <!-- Suite1 -->
</testng-results>
